C51 COMPILER V9.60.0.0   DELAY                                                             05/07/2021 10:16:28 PAGE 1   


C51 COMPILER V9.60.0.0, COMPILATION OF MODULE DELAY
OBJECT MODULE PLACED IN .\Objects\delay.obj
COMPILER INVOKED BY: C:\Keil_v5\C51\BIN\C51.exe delay.c OPTIMIZE(8,SPEED) BROWSE DEBUG OBJECTEXTEND PRINT(.\Listings\del
                    -ay.lst) TABS(2) OBJECT(.\Objects\delay.obj)

line level    source

   1          #include "delay.h"
   2          
   3          void DELAY_us(int us_count)
   4           {    
   5   1          while(us_count!=0)
   6   1            {
   7   2               us_count--;
   8   2             }
   9   1       }
  10           
  11           void DELAY_ms(int ms_count)
  12           {
  13   1           while(ms_count!=0)
  14   1            {
  15   2               DELAY_us(112);     //DELAY_us is called to generate 1ms delay
  16   2                ms_count--;
  17   2            }
  18   1      
  19   1       }
  20           


MODULE INFORMATION:   STATIC OVERLAYABLE
   CODE SIZE        =     35    ----
   CONSTANT SIZE    =   ----    ----
   XDATA SIZE       =   ----    ----
   PDATA SIZE       =   ----    ----
   DATA SIZE        =   ----    ----
   IDATA SIZE       =   ----    ----
   BIT SIZE         =   ----    ----
END OF MODULE INFORMATION.


C51 COMPILATION COMPLETE.  0 WARNING(S),  0 ERROR(S)
