C51 COMPILER V9.60.0.0   MAIN                                                              05/14/2021 15:49:13 PAGE 1   


C51 COMPILER V9.60.0.0, COMPILATION OF MODULE MAIN
OBJECT MODULE PLACED IN .\Objects\main.obj
COMPILER INVOKED BY: C:\Keil_v5\C51\BIN\C51.exe main.c OPTIMIZE(8,SPEED) BROWSE DEBUG OBJECTEXTEND PRINT(.\Listings\main
                    -.lst) TABS(2) OBJECT(.\Objects\main.obj)

line level    source

   1          #include <REGX51.H>
   2          #include "i2c.h"
   3          
   4          
   5          void main()
   6          {
   7   1        clock_gen(9600);
   8   1        sda_start();
   9   1        sda_write(0x75);
  10   1        sda_write(0xAA);
  11   1        sda_write(0xBA);
  12   1        sda_write(0x1A);
  13   1        sda_write(0xB1);
  14   1        sda_write(0x71);
  15   1        sda_stop();
  16   1      }


MODULE INFORMATION:   STATIC OVERLAYABLE
   CODE SIZE        =     43    ----
   CONSTANT SIZE    =   ----    ----
   XDATA SIZE       =   ----    ----
   PDATA SIZE       =   ----    ----
   DATA SIZE        =   ----    ----
   IDATA SIZE       =   ----    ----
   BIT SIZE         =   ----    ----
END OF MODULE INFORMATION.


C51 COMPILATION COMPLETE.  0 WARNING(S),  0 ERROR(S)
