C51 COMPILER V9.60.0.0   OLED                                                              05/16/2021 16:45:58 PAGE 1   


C51 COMPILER V9.60.0.0, COMPILATION OF MODULE OLED
OBJECT MODULE PLACED IN .\Objects\oled.obj
COMPILER INVOKED BY: C:\Keil_v5\C51\BIN\C51.exe oled.c OPTIMIZE(8,SPEED) BROWSE DEBUG OBJECTEXTEND PRINT(.\Listings\oled
                    -.lst) TABS(2) OBJECT(.\Objects\oled.obj)

line level    source

   1          #include "i2c.h"
   2          #include "oled.h"
   3          
   4          void send_cmd(char cmd)
   5          {
   6   1        sda_write(0x00);
   7   1        sda_write(cmd);
   8   1      }
   9          


MODULE INFORMATION:   STATIC OVERLAYABLE
   CODE SIZE        =     12    ----
   CONSTANT SIZE    =   ----    ----
   XDATA SIZE       =   ----    ----
   PDATA SIZE       =   ----    ----
   DATA SIZE        =   ----       1
   IDATA SIZE       =   ----    ----
   BIT SIZE         =   ----    ----
END OF MODULE INFORMATION.


C51 COMPILATION COMPLETE.  0 WARNING(S),  0 ERROR(S)
